Using pre-set license
Built from '2021.3/staging' branch; Version is '2021.3.6f1 (7da38d85baf6) revision 8233869'; Using compiler version '192829333'; Build Type 'Release'
OS: 'Windows 10  (10.0.19045) 64bit Enterprise' Language: 'en' Physical Memory: 16307 MB
BatchMode: 1, IsHumanControllingUs: 0, StartBugReporterOnCrash: 0, Is64bit: 1, IsPro: 1

COMMAND LINE ARGUMENTS:
C:\Program Files\Unity\Hub\Editor\2021.3.6f1\Editor\Unity.exe
-adb2
-batchMode
-noUpm
-name
AssetImportWorker0
-projectPath
E:/Personal Unity/SAO_VR
-logFile
Logs/AssetImportWorker0.log
-srvPort
50294
Successfully changed project path to: E:/Personal Unity/SAO_VR
E:/Personal Unity/SAO_VR
[UnityMemory] Configuration Parameters - Can be set up in boot.config
    "memorysetup-bucket-allocator-granularity=16"
    "memorysetup-bucket-allocator-bucket-count=8"
    "memorysetup-bucket-allocator-block-size=33554432"
    "memorysetup-bucket-allocator-block-count=8"
    "memorysetup-main-allocator-block-size=16777216"
    "memorysetup-thread-allocator-block-size=16777216"
    "memorysetup-gfx-main-allocator-block-size=16777216"
    "memorysetup-gfx-thread-allocator-block-size=16777216"
    "memorysetup-cache-allocator-block-size=4194304"
    "memorysetup-typetree-allocator-block-size=2097152"
    "memorysetup-profiler-bucket-allocator-granularity=16"
    "memorysetup-profiler-bucket-allocator-bucket-count=8"
    "memorysetup-profiler-bucket-allocator-block-size=33554432"
    "memorysetup-profiler-bucket-allocator-block-count=8"
    "memorysetup-profiler-allocator-block-size=16777216"
    "memorysetup-profiler-editor-allocator-block-size=1048576"
    "memorysetup-temp-allocator-size-main=16777216"
    "memorysetup-job-temp-allocator-block-size=2097152"
    "memorysetup-job-temp-allocator-block-size-background=1048576"
    "memorysetup-job-temp-allocator-reduction-small-platforms=262144"
    "memorysetup-temp-allocator-size-background-worker=32768"
    "memorysetup-temp-allocator-size-job-worker=262144"
    "memorysetup-temp-allocator-size-preload-manager=33554432"
    "memorysetup-temp-allocator-size-nav-mesh-worker=65536"
    "memorysetup-temp-allocator-size-audio-worker=65536"
    "memorysetup-temp-allocator-size-cloud-worker=32768"
    "memorysetup-temp-allocator-size-gi-baking-worker=262144"
    "memorysetup-temp-allocator-size-gfx=262144"
Refreshing native plugins compatible for Editor in 87.21 ms, found 11 plugins.
Preloading 0 native plugins for Editor in 0.00 ms.
Initialize engine version: 2021.3.6f1 (7da38d85baf6)
[Subsystems] Discovering subsystems at path C:/Program Files/Unity/Hub/Editor/2021.3.6f1/Editor/Data/Resources/UnitySubsystems
[Subsystems] Discovering subsystems at path E:/Personal Unity/SAO_VR/Assets
GfxDevice: creating device client; threaded=0; jobified=0
Direct3D:
    Version:  Direct3D 11.0 [level 11.1]
    Renderer: NVIDIA GeForce GTX 1070 (ID=0x1b81)
    Vendor:   NVIDIA
    VRAM:     8081 MB
    Driver:   31.0.15.3734
Initialize mono
Mono path[0] = 'C:/Program Files/Unity/Hub/Editor/2021.3.6f1/Editor/Data/Managed'
Mono path[1] = 'C:/Program Files/Unity/Hub/Editor/2021.3.6f1/Editor/Data/MonoBleedingEdge/lib/mono/unityjit-win32'
Mono config path = 'C:/Program Files/Unity/Hub/Editor/2021.3.6f1/Editor/Data/MonoBleedingEdge/etc'
Using monoOptions --debugger-agent=transport=dt_socket,embedding=1,server=y,suspend=n,address=127.0.0.1:56312
Begin MonoManager ReloadAssembly
Registering precompiled unity dll's ...
Register platform support module: C:/Program Files/Unity/Hub/Editor/2021.3.6f1/Editor/Data/PlaybackEngines/WindowsStandaloneSupport/UnityEditor.WindowsStandalone.Extensions.dll
Registered in 0.007928 seconds.
Native extension for WindowsStandalone target not found
Refreshing native plugins compatible for Editor in 77.36 ms, found 11 plugins.
Preloading 0 native plugins for Editor in 0.00 ms.
Mono: successfully reloaded assembly
- Completed reload, in  0.510 seconds
Domain Reload Profiling:
	ReloadAssembly (510ms)
		BeginReloadAssembly (64ms)
			ExecutionOrderSort (0ms)
			DisableScriptedObjects (0ms)
			BackupInstance (0ms)
			ReleaseScriptingObjects (0ms)
			CreateAndSetChildDomain (1ms)
		EndReloadAssembly (357ms)
			LoadAssemblies (61ms)
			RebuildTransferFunctionScriptingTraits (0ms)
			SetupTypeCache (71ms)
			ReleaseScriptCaches (0ms)
			RebuildScriptCaches (22ms)
			SetupLoadedEditorAssemblies (224ms)
				LogAssemblyErrors (0ms)
				InitializePlatformSupportModulesInManaged (7ms)
				SetLoadedEditorAssemblies (0ms)
				RefreshPlugins (77ms)
				BeforeProcessingInitializeOnLoad (1ms)
				ProcessInitializeOnLoadAttributes (104ms)
				ProcessInitializeOnLoadMethodAttributes (33ms)
				AfterProcessingInitializeOnLoad (0ms)
				EditorAssembliesLoaded (0ms)
			ExecutionOrderSort2 (0ms)
			AwakeInstancesAfterBackupRestoration (0ms)
Platform modules already initialized, skipping
Registering precompiled user dll's ...
Registered in 0.008773 seconds.
Begin MonoManager ReloadAssembly
Native extension for WindowsStandalone target not found
Refreshing native plugins compatible for Editor in 75.67 ms, found 11 plugins.
Preloading 0 native plugins for Editor in 0.00 ms.
Package Manager log level set to [2]
Mono: successfully reloaded assembly
- Completed reload, in  1.269 seconds
Domain Reload Profiling:
	ReloadAssembly (1269ms)
		BeginReloadAssembly (96ms)
			ExecutionOrderSort (0ms)
			DisableScriptedObjects (5ms)
			BackupInstance (0ms)
			ReleaseScriptingObjects (0ms)
			CreateAndSetChildDomain (18ms)
		EndReloadAssembly (1090ms)
			LoadAssemblies (82ms)
			RebuildTransferFunctionScriptingTraits (0ms)
			SetupTypeCache (183ms)
			ReleaseScriptCaches (1ms)
			RebuildScriptCaches (55ms)
			SetupLoadedEditorAssemblies (734ms)
				LogAssemblyErrors (0ms)
				InitializePlatformSupportModulesInManaged (9ms)
				SetLoadedEditorAssemblies (0ms)
				RefreshPlugins (76ms)
				BeforeProcessingInitializeOnLoad (91ms)
				ProcessInitializeOnLoadAttributes (454ms)
				ProcessInitializeOnLoadMethodAttributes (94ms)
				AfterProcessingInitializeOnLoad (9ms)
				EditorAssembliesLoaded (0ms)
			ExecutionOrderSort2 (0ms)
			AwakeInstancesAfterBackupRestoration (4ms)
Platform modules already initialized, skipping
========================================================================
Worker process is ready to serve import requests
Launched and connected shader compiler UnityShaderCompiler.exe after 0.04 seconds
Refreshing native plugins compatible for Editor in 1.78 ms, found 11 plugins.
Preloading 0 native plugins for Editor in 0.00 ms.
Unloading 4821 Unused Serialized files (Serialized files now loaded: 0)
Unloading 55 unused Assets / (359.7 KB). Loaded Objects now: 5311.
Memory consumption went from 222.1 MB to 221.7 MB.
Total: 4.507800 ms (FindLiveObjects: 0.364200 ms CreateObjectMapping: 0.252900 ms MarkObjects: 3.599500 ms  DeleteObjects: 0.290300 ms)

AssetImportParameters requested are different than current active one (requested -> active):
  custom:video-decoder-ogg-theora: a1e56fd34408186e4bbccfd4996cb3dc -> 
  custom:container-muxer-webm: aa71ff27fc2769a1b78a27578f13a17b -> 
  custom:container-demuxer-webm: 4f35f7cbe854078d1ac9338744f61a02 -> 
  custom:video-encoder-webm-vp8: eb34c28f22e8b96e1ab97ce403110664 -> 
  custom:audio-encoder-webm-vorbis: bf7c407c2cedff20999df2af8eb42d56 -> 
  custom:framework-win-MediaFoundation: 216162199b28c13a410421893ffa2e32 -> 
  custom:container-demuxer-ogg: 62fdf1f143b41e24485cea50d1cbac27 -> 
  custom:video-decoder-webm-vp8: 9c59270c3fd7afecdb556c50c9e8de78 -> 
  custom:audio-decoder-ogg-vorbis: bf7c407c2cedff20999df2af8eb42d56 -> 
========================================================================
Received Import Request.
  Time since last request: 1111603.414640 seconds.
  path: Assets/Plugins/AZURE Nature/Demo/TerrainData_bbfff134-c0b2-486c-ba42-b0b0924bea77.asset
  artifactKey: Guid(4dcc61340be22d345a9132056aafaff5) Importer(815301076,1909f56bfc062723c751e8b465ee728b)
Start importing Assets/Plugins/AZURE Nature/Demo/TerrainData_bbfff134-c0b2-486c-ba42-b0b0924bea77.asset using Guid(4dcc61340be22d345a9132056aafaff5) Importer(815301076,1909f56bfc062723c751e8b465ee728b)  -> (artifact id: 'e75cc8abfc5ceacf128e9f205e198f59') in 0.087534 seconds 
========================================================================
Received Import Request.
  Time since last request: 31.768856 seconds.
  path: Assets/_SAO/Scenes/Testing/Performance
  artifactKey: Guid(bd6212bb0e5b7fc469562b3067c7dbcd) Importer(815301076,1909f56bfc062723c751e8b465ee728b)
Start importing Assets/_SAO/Scenes/Testing/Performance using Guid(bd6212bb0e5b7fc469562b3067c7dbcd) Importer(815301076,1909f56bfc062723c751e8b465ee728b)  -> (artifact id: '0f547cea309785b213d04da88eaca92e') in 0.007941 seconds 
========================================================================
Received Import Request.
  Time since last request: 948.227384 seconds.
  path: Assets/Plugins/AZURE Nature/Prefabs/AN_Birch_2.prefab
  artifactKey: Guid(93424cf0b3e36334296f2238f970a27e) Importer(815301076,1909f56bfc062723c751e8b465ee728b)
Start importing Assets/Plugins/AZURE Nature/Prefabs/AN_Birch_2.prefab using Guid(93424cf0b3e36334296f2238f970a27e) Importer(815301076,1909f56bfc062723c751e8b465ee728b)  -> (artifact id: 'a6ce47a7b0e83a79fb510ca33b1593f4') in 0.214056 seconds 
========================================================================
Received Import Request.
  Time since last request: 0.000024 seconds.
  path: Assets/Plugins/AZURE Nature/Prefabs/AN_Bush_3.prefab
  artifactKey: Guid(ba76f0562dc2eac41970e644533beab9) Importer(815301076,1909f56bfc062723c751e8b465ee728b)
Start importing Assets/Plugins/AZURE Nature/Prefabs/AN_Bush_3.prefab using Guid(ba76f0562dc2eac41970e644533beab9) Importer(815301076,1909f56bfc062723c751e8b465ee728b)  -> (artifact id: '334385d67e3fbac4699ed3b731e36241') in 0.029054 seconds 
========================================================================
Received Import Request.
  Time since last request: 0.000034 seconds.
  path: Assets/Plugins/AZURE Nature/Prefabs/AN_Birch_4.prefab
  artifactKey: Guid(e83a0ae7086756e4e845171c31ffd2ff) Importer(815301076,1909f56bfc062723c751e8b465ee728b)
Start importing Assets/Plugins/AZURE Nature/Prefabs/AN_Birch_4.prefab using Guid(e83a0ae7086756e4e845171c31ffd2ff) Importer(815301076,1909f56bfc062723c751e8b465ee728b)  -> (artifact id: '6e9d99e005b8bb95962abd2a50c34d7d') in 0.034178 seconds 
========================================================================
Received Import Request.
  Time since last request: 0.000025 seconds.
  path: Assets/Plugins/AZURE Nature/Prefabs/AN_Broadleaf_2.prefab
  artifactKey: Guid(6fd6fb0df7e29c641acd0ba3d8d210d3) Importer(815301076,1909f56bfc062723c751e8b465ee728b)
Start importing Assets/Plugins/AZURE Nature/Prefabs/AN_Broadleaf_2.prefab using Guid(6fd6fb0df7e29c641acd0ba3d8d210d3) Importer(815301076,1909f56bfc062723c751e8b465ee728b)  -> (artifact id: 'da7dafa5f8420b0dd3e3472099e63fb1') in 0.017772 seconds 
========================================================================
Received Import Request.
  Time since last request: 0.000022 seconds.
  path: Assets/Plugins/AZURE Nature/Prefabs/AN_DeadTree_4.prefab
  artifactKey: Guid(5b82426720355454394e1067581280de) Importer(815301076,1909f56bfc062723c751e8b465ee728b)
Start importing Assets/Plugins/AZURE Nature/Prefabs/AN_DeadTree_4.prefab using Guid(5b82426720355454394e1067581280de) Importer(815301076,1909f56bfc062723c751e8b465ee728b)  -> (artifact id: 'f73df1f95594a66285d06af284234cd2') in 0.017397 seconds 
========================================================================
Received Import Request.
  Time since last request: 0.000023 seconds.
  path: Assets/Plugins/AZURE Nature/Prefabs/AN_Broadleaf_3.prefab
  artifactKey: Guid(8027a374f0ceca94480a5bc31377188b) Importer(815301076,1909f56bfc062723c751e8b465ee728b)
Start importing Assets/Plugins/AZURE Nature/Prefabs/AN_Broadleaf_3.prefab using Guid(8027a374f0ceca94480a5bc31377188b) Importer(815301076,1909f56bfc062723c751e8b465ee728b)  -> (artifact id: 'ca01cbbca1dfb94ef74b59e410e3232c') in 0.026524 seconds 
========================================================================
Received Import Request.
  Time since last request: 0.000078 seconds.
  path: Assets/Plugins/AZURE Nature/Materials/Nature/AN_Grass_1.mat
  artifactKey: Guid(6eaf6b958c00dd2458d54d6b64bc31ce) Importer(815301076,1909f56bfc062723c751e8b465ee728b)
Start importing Assets/Plugins/AZURE Nature/Materials/Nature/AN_Grass_1.mat using Guid(6eaf6b958c00dd2458d54d6b64bc31ce) Importer(815301076,1909f56bfc062723c751e8b465ee728b)  -> (artifact id: '360f4f8a0b52bad9f22a9d8a08f1f0ce') in 0.024216 seconds 
========================================================================
Received Import Request.
  Time since last request: 0.000032 seconds.
  path: Assets/Plugins/AZURE Nature/Prefabs/AN_DeadTree_1.prefab
  artifactKey: Guid(0095e57fd30bf3a4b924b9a02fa80771) Importer(815301076,1909f56bfc062723c751e8b465ee728b)
Start importing Assets/Plugins/AZURE Nature/Prefabs/AN_DeadTree_1.prefab using Guid(0095e57fd30bf3a4b924b9a02fa80771) Importer(815301076,1909f56bfc062723c751e8b465ee728b)  -> (artifact id: 'c84c3e14f9f352ac3f396ea0fdeba85a') in 0.016590 seconds 
========================================================================
Received Import Request.
  Time since last request: 0.000022 seconds.
  path: Assets/Plugins/AZURE Nature/Prefabs/AN_Fir_2.prefab
  artifactKey: Guid(69f22acb59be2f54bb8d637cc242e2a4) Importer(815301076,1909f56bfc062723c751e8b465ee728b)
Start importing Assets/Plugins/AZURE Nature/Prefabs/AN_Fir_2.prefab using Guid(69f22acb59be2f54bb8d637cc242e2a4) Importer(815301076,1909f56bfc062723c751e8b465ee728b)  -> (artifact id: 'f33062be7f6558cda590736cef17f4ad') in 0.021070 seconds 
========================================================================
Received Import Request.
  Time since last request: 0.000022 seconds.
  path: Assets/Plugins/AZURE Nature/Prefabs/AN_Broadleaf_1.prefab
  artifactKey: Guid(da418bb638856e046abc0e29ca2b21f4) Importer(815301076,1909f56bfc062723c751e8b465ee728b)
Start importing Assets/Plugins/AZURE Nature/Prefabs/AN_Broadleaf_1.prefab using Guid(da418bb638856e046abc0e29ca2b21f4) Importer(815301076,1909f56bfc062723c751e8b465ee728b)  -> (artifact id: '7f3f6c9c7b205a7d496d563034fc6c5d') in 0.016664 seconds 
========================================================================
Received Import Request.
  Time since last request: 0.000021 seconds.
  path: Assets/Plugins/AZURE Nature/Prefabs/AN_Fir_5.prefab
  artifactKey: Guid(f00df208b62c11f44a29d76be3c78ac9) Importer(815301076,1909f56bfc062723c751e8b465ee728b)
Start importing Assets/Plugins/AZURE Nature/Prefabs/AN_Fir_5.prefab using Guid(f00df208b62c11f44a29d76be3c78ac9) Importer(815301076,1909f56bfc062723c751e8b465ee728b)  -> (artifact id: '06697bd9496f5eeaf84982bcf781a80f') in 0.018347 seconds 
========================================================================
Received Import Request.
  Time since last request: 0.000025 seconds.
  path: Assets/Plugins/AZURE Nature/Prefabs/AN_Branch_2.prefab
  artifactKey: Guid(371d02632ebc34c4eb3dc63f19e3eec0) Importer(815301076,1909f56bfc062723c751e8b465ee728b)
Start importing Assets/Plugins/AZURE Nature/Prefabs/AN_Branch_2.prefab using Guid(371d02632ebc34c4eb3dc63f19e3eec0) Importer(815301076,1909f56bfc062723c751e8b465ee728b)  -> (artifact id: 'd34920ac1c2dbaa321b2376a08e7ac0e') in 0.014124 seconds 
========================================================================
Received Import Request.
  Time since last request: 0.000025 seconds.
  path: Assets/Plugins/AZURE Nature/Prefabs/AN_Fir_4.prefab
  artifactKey: Guid(915b939ae6a252d4b8eb4d03c67c194f) Importer(815301076,1909f56bfc062723c751e8b465ee728b)
Start importing Assets/Plugins/AZURE Nature/Prefabs/AN_Fir_4.prefab using Guid(915b939ae6a252d4b8eb4d03c67c194f) Importer(815301076,1909f56bfc062723c751e8b465ee728b)  -> (artifact id: '668134aaed2e0d2cc8270d1a73b914ea') in 0.021392 seconds 
========================================================================
Received Import Request.
  Time since last request: 0.000027 seconds.
  path: Assets/Plugins/AZURE Nature/Prefabs/AN_DeadTree_5.prefab
  artifactKey: Guid(33388647077541d4d853a29725ea2fcc) Importer(815301076,1909f56bfc062723c751e8b465ee728b)
Start importing Assets/Plugins/AZURE Nature/Prefabs/AN_DeadTree_5.prefab using Guid(33388647077541d4d853a29725ea2fcc) Importer(815301076,1909f56bfc062723c751e8b465ee728b)  -> (artifact id: '14cf78d42a038f9545c7d67fc28ae929') in 0.011080 seconds 
========================================================================
Received Import Request.
  Time since last request: 0.000028 seconds.
  path: Assets/Plugins/AZURE Nature/Prefabs/AN_Flowers.prefab
  artifactKey: Guid(d350eb392248fd048a2c03fb449f79c5) Importer(815301076,1909f56bfc062723c751e8b465ee728b)
Start importing Assets/Plugins/AZURE Nature/Prefabs/AN_Flowers.prefab using Guid(d350eb392248fd048a2c03fb449f79c5) Importer(815301076,1909f56bfc062723c751e8b465ee728b)  -> (artifact id: '49c478d5d6e36ae3d409dea0883637a4') in 0.018292 seconds 
========================================================================
Received Import Request.
  Time since last request: 0.000024 seconds.
  path: Assets/Plugins/AZURE Nature/Materials/Nature/AN_Grass_2.mat
  artifactKey: Guid(d862d52e14d58534a98fa6b0bae2e9a9) Importer(815301076,1909f56bfc062723c751e8b465ee728b)
Start importing Assets/Plugins/AZURE Nature/Materials/Nature/AN_Grass_2.mat using Guid(d862d52e14d58534a98fa6b0bae2e9a9) Importer(815301076,1909f56bfc062723c751e8b465ee728b)  -> (artifact id: '211c997e08c4786ba53080de8d54206b') in 0.014046 seconds 
========================================================================
Received Import Request.
  Time since last request: 0.000033 seconds.
  path: Assets/Plugins/AZURE Nature/Prefabs/TreeBirch1.prefab
  artifactKey: Guid(2aa0b58ab69df834998e0dda8ee6f1e5) Importer(815301076,1909f56bfc062723c751e8b465ee728b)
Start importing Assets/Plugins/AZURE Nature/Prefabs/TreeBirch1.prefab using Guid(2aa0b58ab69df834998e0dda8ee6f1e5) Importer(815301076,1909f56bfc062723c751e8b465ee728b)  -> (artifact id: 'd30688eb06b3b695ea9b0e114406fbd6') in 0.036108 seconds 
========================================================================
Received Import Request.
  Time since last request: 1.973787 seconds.
  path: Assets/Plugins/AZURE Nature/Prefab Variations/AN_Flowers_Blue.prefab
  artifactKey: Guid(a950df02de1de014f861c91fe1ec0a2a) Importer(815301076,1909f56bfc062723c751e8b465ee728b)
Start importing Assets/Plugins/AZURE Nature/Prefab Variations/AN_Flowers_Blue.prefab using Guid(a950df02de1de014f861c91fe1ec0a2a) Importer(815301076,1909f56bfc062723c751e8b465ee728b)  -> (artifact id: 'f926dde906003306c0d43d24384a48ab') in 0.309687 seconds 
========================================================================
Received Import Request.
  Time since last request: 0.000029 seconds.
  path: Assets/Plugins/AZURE Nature/Models/AN_Branch_1.fbx
  artifactKey: Guid(96401eb1bce7fa847a2fffe957615589) Importer(815301076,1909f56bfc062723c751e8b465ee728b)
Start importing Assets/Plugins/AZURE Nature/Models/AN_Branch_1.fbx using Guid(96401eb1bce7fa847a2fffe957615589) Importer(815301076,1909f56bfc062723c751e8b465ee728b)  -> (artifact id: 'c41187f2ce1e6ace36ec066a9bf0af2a') in 0.050633 seconds 
========================================================================
Received Import Request.
  Time since last request: 0.000032 seconds.
  path: Assets/Plugins/AZURE Nature/Models/AN_Broadleaf_1.fbx
  artifactKey: Guid(02e7e5eae8a6c0d4892c77ea86e5f67a) Importer(815301076,1909f56bfc062723c751e8b465ee728b)
Start importing Assets/Plugins/AZURE Nature/Models/AN_Broadleaf_1.fbx using Guid(02e7e5eae8a6c0d4892c77ea86e5f67a) Importer(815301076,1909f56bfc062723c751e8b465ee728b)  -> (artifact id: '075d33bbb4ba11941ca983ed6b83cdde') in 0.239370 seconds 
========================================================================
Received Import Request.
  Time since last request: 0.000024 seconds.
  path: Assets/Plugins/AZURE Nature/Prefab Variations/Tree2.prefab
  artifactKey: Guid(2560472fde8a9cf4fb79e4b37dfade6a) Importer(815301076,1909f56bfc062723c751e8b465ee728b)
Start importing Assets/Plugins/AZURE Nature/Prefab Variations/Tree2.prefab using Guid(2560472fde8a9cf4fb79e4b37dfade6a) Importer(815301076,1909f56bfc062723c751e8b465ee728b)  -> (artifact id: 'de68bede658296b0420e1357b1a72842') in 0.017236 seconds 
========================================================================
Received Import Request.
  Time since last request: 0.000028 seconds.
  path: Assets/Plugins/AZURE Nature/Models/AN_Grass_1.fbx
  artifactKey: Guid(26a964c63c61a494397491ed6a38ac87) Importer(815301076,1909f56bfc062723c751e8b465ee728b)
Start importing Assets/Plugins/AZURE Nature/Models/AN_Grass_1.fbx using Guid(26a964c63c61a494397491ed6a38ac87) Importer(815301076,1909f56bfc062723c751e8b465ee728b)  -> (artifact id: 'b0419af8927725c37591ad84969223c4') in 0.043820 seconds 
========================================================================
Received Import Request.
  Time since last request: 0.000024 seconds.
  path: Assets/Plugins/AZURE Nature/Models/AN_Grass_2.fbx
  artifactKey: Guid(d65bab743f2ff0443a6703470e679152) Importer(815301076,1909f56bfc062723c751e8b465ee728b)
Start importing Assets/Plugins/AZURE Nature/Models/AN_Grass_2.fbx using Guid(d65bab743f2ff0443a6703470e679152) Importer(815301076,1909f56bfc062723c751e8b465ee728b)  -> (artifact id: '81be8ff56a4666fbd23618acffc113b9') in 0.037969 seconds 
========================================================================
Received Import Request.
  Time since last request: 0.000028 seconds.
  path: Assets/Plugins/AZURE Nature/Models/AN_Birch_3.fbx
  artifactKey: Guid(149cf3c7e16b08e4abba10c1bf7be9f9) Importer(815301076,1909f56bfc062723c751e8b465ee728b)
Start importing Assets/Plugins/AZURE Nature/Models/AN_Birch_3.fbx using Guid(149cf3c7e16b08e4abba10c1bf7be9f9) Importer(815301076,1909f56bfc062723c751e8b465ee728b)  -> (artifact id: '124a8d3ef7ec7357407db456a11d2819') in 0.054014 seconds 
========================================================================
Received Import Request.
  Time since last request: 0.000024 seconds.
  path: Assets/Plugins/AZURE Nature/Prefab Variations/Tree4.prefab
  artifactKey: Guid(9f932be781a992d4da451c23ed63dc2d) Importer(815301076,1909f56bfc062723c751e8b465ee728b)
Start importing Assets/Plugins/AZURE Nature/Prefab Variations/Tree4.prefab using Guid(9f932be781a992d4da451c23ed63dc2d) Importer(815301076,1909f56bfc062723c751e8b465ee728b)  -> (artifact id: 'aa29b928f88f87de76e4c0f761ddeec3') in 0.020443 seconds 
========================================================================
Received Import Request.
  Time since last request: 0.000029 seconds.
  path: Assets/Plugins/AZURE Nature/Models/AN_Birch_2.fbx
  artifactKey: Guid(b1ee14d9a2e4a2341b4d5950485ca3f9) Importer(815301076,1909f56bfc062723c751e8b465ee728b)
Start importing Assets/Plugins/AZURE Nature/Models/AN_Birch_2.fbx using Guid(b1ee14d9a2e4a2341b4d5950485ca3f9) Importer(815301076,1909f56bfc062723c751e8b465ee728b)  -> (artifact id: '80d9b0b901dd922b8fae95a12dc15d9b') in 0.085692 seconds 
========================================================================
Received Import Request.
  Time since last request: 0.145135 seconds.
  path: Assets/Plugins/AZURE Nature/Textures/Rocks
  artifactKey: Guid(d7335111367409b40962a0ed44a13dff) Importer(815301076,1909f56bfc062723c751e8b465ee728b)
Start importing Assets/Plugins/AZURE Nature/Textures/Rocks using Guid(d7335111367409b40962a0ed44a13dff) Importer(815301076,1909f56bfc062723c751e8b465ee728b)  -> (artifact id: 'bd54735435d4aa8773bdce4f94262652') in 0.007600 seconds 
Editor requested this worker to shutdown with reason: Scaling down because of idle timeout
AssetImportWorker is now disconnected from the server
Process exiting
Exiting without the bug reporter. Application will terminate with return code 0