Using pre-set license
Built from '2021.3/staging' branch; Version is '2021.3.6f1 (7da38d85baf6) revision 8233869'; Using compiler version '192829333'; Build Type 'Release'
OS: 'Windows 10  (10.0.19045) 64bit Professional' Language: 'en' Physical Memory: 32714 MB
BatchMode: 1, IsHumanControllingUs: 0, StartBugReporterOnCrash: 0, Is64bit: 1, IsPro: 1

COMMAND LINE ARGUMENTS:
E:\Program Files\Unity\Versions\2021.3.6f1\Editor\Unity.exe
-adb2
-batchMode
-noUpm
-name
AssetImportWorker2
-projectPath
D:/Documenten/Git/Personal/Unity/SAO_VR
-logFile
Logs/AssetImportWorker2.log
-srvPort
62380
Successfully changed project path to: D:/Documenten/Git/Personal/Unity/SAO_VR
D:/Documenten/Git/Personal/Unity/SAO_VR
[UnityMemory] Configuration Parameters - Can be set up in boot.config
    "memorysetup-bucket-allocator-granularity=16"
    "memorysetup-bucket-allocator-bucket-count=8"
    "memorysetup-bucket-allocator-block-size=33554432"
    "memorysetup-bucket-allocator-block-count=8"
    "memorysetup-main-allocator-block-size=16777216"
    "memorysetup-thread-allocator-block-size=16777216"
    "memorysetup-gfx-main-allocator-block-size=16777216"
    "memorysetup-gfx-thread-allocator-block-size=16777216"
    "memorysetup-cache-allocator-block-size=4194304"
    "memorysetup-typetree-allocator-block-size=2097152"
    "memorysetup-profiler-bucket-allocator-granularity=16"
    "memorysetup-profiler-bucket-allocator-bucket-count=8"
    "memorysetup-profiler-bucket-allocator-block-size=33554432"
    "memorysetup-profiler-bucket-allocator-block-count=8"
    "memorysetup-profiler-allocator-block-size=16777216"
    "memorysetup-profiler-editor-allocator-block-size=1048576"
    "memorysetup-temp-allocator-size-main=16777216"
    "memorysetup-job-temp-allocator-block-size=2097152"
    "memorysetup-job-temp-allocator-block-size-background=1048576"
    "memorysetup-job-temp-allocator-reduction-small-platforms=262144"
    "memorysetup-temp-allocator-size-background-worker=32768"
    "memorysetup-temp-allocator-size-job-worker=262144"
    "memorysetup-temp-allocator-size-preload-manager=33554432"
    "memorysetup-temp-allocator-size-nav-mesh-worker=65536"
    "memorysetup-temp-allocator-size-audio-worker=65536"
    "memorysetup-temp-allocator-size-cloud-worker=32768"
    "memorysetup-temp-allocator-size-gi-baking-worker=262144"
    "memorysetup-temp-allocator-size-gfx=262144"
Refreshing native plugins compatible for Editor in 55.68 ms, found 5 plugins.
Preloading 0 native plugins for Editor in 0.00 ms.
Initialize engine version: 2021.3.6f1 (7da38d85baf6)
[Subsystems] Discovering subsystems at path E:/Program Files/Unity/Versions/2021.3.6f1/Editor/Data/Resources/UnitySubsystems
[Subsystems] Discovering subsystems at path D:/Documenten/Git/Personal/Unity/SAO_VR/Assets
GfxDevice: creating device client; threaded=0; jobified=0
Direct3D:
    Version:  Direct3D 11.0 [level 11.1]
    Renderer: NVIDIA GeForce GTX 1070 (ID=0x1b81)
    Vendor:   NVIDIA
    VRAM:     8081 MB
    Driver:   31.0.15.2849
Initialize mono
Mono path[0] = 'E:/Program Files/Unity/Versions/2021.3.6f1/Editor/Data/Managed'
Mono path[1] = 'E:/Program Files/Unity/Versions/2021.3.6f1/Editor/Data/MonoBleedingEdge/lib/mono/unityjit-win32'
Mono config path = 'E:/Program Files/Unity/Versions/2021.3.6f1/Editor/Data/MonoBleedingEdge/etc'
Using monoOptions --debugger-agent=transport=dt_socket,embedding=1,server=y,suspend=n,address=127.0.0.1:56296
Begin MonoManager ReloadAssembly
Registering precompiled unity dll's ...
Register platform support module: E:/Program Files/Unity/Versions/2021.3.6f1/Editor/Data/PlaybackEngines/WindowsStandaloneSupport/UnityEditor.WindowsStandalone.Extensions.dll
Registered in 0.002459 seconds.
Native extension for WindowsStandalone target not found
Refreshing native plugins compatible for Editor in 49.73 ms, found 5 plugins.
Preloading 0 native plugins for Editor in 0.00 ms.
Mono: successfully reloaded assembly
- Completed reload, in  0.427 seconds
Domain Reload Profiling:
	ReloadAssembly (427ms)
		BeginReloadAssembly (59ms)
			ExecutionOrderSort (0ms)
			DisableScriptedObjects (0ms)
			BackupInstance (0ms)
			ReleaseScriptingObjects (0ms)
			CreateAndSetChildDomain (0ms)
		EndReloadAssembly (298ms)
			LoadAssemblies (59ms)
			RebuildTransferFunctionScriptingTraits (0ms)
			SetupTypeCache (66ms)
			ReleaseScriptCaches (0ms)
			RebuildScriptCaches (16ms)
			SetupLoadedEditorAssemblies (182ms)
				LogAssemblyErrors (0ms)
				InitializePlatformSupportModulesInManaged (5ms)
				SetLoadedEditorAssemblies (0ms)
				RefreshPlugins (50ms)
				BeforeProcessingInitializeOnLoad (1ms)
				ProcessInitializeOnLoadAttributes (97ms)
				ProcessInitializeOnLoadMethodAttributes (30ms)
				AfterProcessingInitializeOnLoad (0ms)
				EditorAssembliesLoaded (0ms)
			ExecutionOrderSort2 (0ms)
			AwakeInstancesAfterBackupRestoration (0ms)
Platform modules already initialized, skipping
Registering precompiled user dll's ...
Registered in 0.010668 seconds.
Begin MonoManager ReloadAssembly
YAML error in 'Assets/Visual Design Cafe/Plugins/com.VisualDesignCafe.NatureRenderer/VisualDesignCafe.Threading.dll.meta' - Unexpected empty content or blank line when reading mapping.
YAML error in 'Assets/Visual Design Cafe/Plugins/com.VisualDesignCafe.NatureRenderer/VisualDesignCafe.Rendering.Nature.dll.meta' - Unexpected empty content or blank line when reading mapping.
YAML error in 'Assets/Visual Design Cafe/Plugins/com.VisualDesignCafe.NatureRenderer/VisualDesignCafe.Memory.dll.meta' - Unexpected empty content or blank line when reading mapping.
YAML error in 'Assets/Visual Design Cafe/Plugins/com.VisualDesignCafe.NatureRenderer/VisualDesignCafe.Pooling.dll.meta' - Unexpected empty content or blank line when reading mapping.
YAML error in 'Assets/Visual Design Cafe/Plugins/com.VisualDesignCafe.NatureRenderer/VisualDesignCafe.Rendering.dll.meta' - Unexpected empty content or blank line when reading mapping.
Symbol file data-00000235C782F5A0 doesn't match image D:\Documenten\Git\Personal\Unity\SAO_VR\Assets\Visual Design Cafe\Plugins\com.VisualDesignCafe.NatureRenderer\VisualDesignCafe.Rendering.Nature.Editor.dll
Symbol file LoadedFromMemory is not a mono symbol file
Native extension for WindowsStandalone target not found
Refreshing native plugins compatible for Editor in 50.79 ms, found 5 plugins.
Preloading 0 native plugins for Editor in 0.00 ms.
Package Manager log level set to [2]
Mono: successfully reloaded assembly
- Completed reload, in  1.690 seconds
Domain Reload Profiling:
	ReloadAssembly (1690ms)
		BeginReloadAssembly (88ms)
			ExecutionOrderSort (0ms)
			DisableScriptedObjects (4ms)
			BackupInstance (0ms)
			ReleaseScriptingObjects (0ms)
			CreateAndSetChildDomain (17ms)
		EndReloadAssembly (1536ms)
			LoadAssemblies (77ms)
			RebuildTransferFunctionScriptingTraits (0ms)
			SetupTypeCache (160ms)
			ReleaseScriptCaches (1ms)
			RebuildScriptCaches (38ms)
			SetupLoadedEditorAssemblies (487ms)
				LogAssemblyErrors (0ms)
				InitializePlatformSupportModulesInManaged (7ms)
				SetLoadedEditorAssemblies (0ms)
				RefreshPlugins (51ms)
				BeforeProcessingInitializeOnLoad (59ms)
				ProcessInitializeOnLoadAttributes (305ms)
				ProcessInitializeOnLoadMethodAttributes (62ms)
				AfterProcessingInitializeOnLoad (2ms)
				EditorAssembliesLoaded (0ms)
			ExecutionOrderSort2 (0ms)
			AwakeInstancesAfterBackupRestoration (4ms)
Platform modules already initialized, skipping
========================================================================
Worker process is ready to serve import requests
Launched and connected shader compiler UnityShaderCompiler.exe after 0.04 seconds
Refreshing native plugins compatible for Editor in 1.01 ms, found 5 plugins.
Preloading 0 native plugins for Editor in 0.00 ms.
Unloading 3959 Unused Serialized files (Serialized files now loaded: 0)
Unloading 48 unused Assets / (0.6 MB). Loaded Objects now: 4429.
Memory consumption went from 199.5 MB to 199.0 MB.
Total: 2.951600 ms (FindLiveObjects: 0.229000 ms CreateObjectMapping: 0.132400 ms MarkObjects: 2.437700 ms  DeleteObjects: 0.151800 ms)

AssetImportParameters requested are different than current active one (requested -> active):
  custom:video-decoder-ogg-theora: a1e56fd34408186e4bbccfd4996cb3dc -> 
  custom:container-muxer-webm: aa71ff27fc2769a1b78a27578f13a17b -> 
  custom:container-demuxer-webm: 4f35f7cbe854078d1ac9338744f61a02 -> 
  custom:video-encoder-webm-vp8: eb34c28f22e8b96e1ab97ce403110664 -> 
  custom:audio-encoder-webm-vorbis: bf7c407c2cedff20999df2af8eb42d56 -> 
  custom:framework-win-MediaFoundation: 216162199b28c13a410421893ffa2e32 -> 
  custom:container-demuxer-ogg: 62fdf1f143b41e24485cea50d1cbac27 -> 
  custom:video-decoder-webm-vp8: 9c59270c3fd7afecdb556c50c9e8de78 -> 
  custom:audio-decoder-ogg-vorbis: bf7c407c2cedff20999df2af8eb42d56 -> 
========================================================================
Received Import Request.
  Time since last request: 5292.148702 seconds.
  path: Assets/AllSkyFree/Cartoon Base NightSky
  artifactKey: Guid(edfd7568a47754e23b20068c1847c5fb) Importer(815301076,1909f56bfc062723c751e8b465ee728b)
Start importing Assets/AllSkyFree/Cartoon Base NightSky using Guid(edfd7568a47754e23b20068c1847c5fb) Importer(815301076,1909f56bfc062723c751e8b465ee728b)  -> (artifact id: 'dc4f4e07775bd001bedc50ceb5dbdcb8') in 0.113799 seconds 
========================================================================
Received Import Request.
  Time since last request: 0.851695 seconds.
  path: Assets/AllSkyFree/Cartoon Base NightSky/Cartoon Base NightSky.unity
  artifactKey: Guid(c4ac93a9f488344c29ac272cddb55dda) Importer(815301076,1909f56bfc062723c751e8b465ee728b)
Start importing Assets/AllSkyFree/Cartoon Base NightSky/Cartoon Base NightSky.unity using Guid(c4ac93a9f488344c29ac272cddb55dda) Importer(815301076,1909f56bfc062723c751e8b465ee728b)  -> (artifact id: 'acc1b6ae5e61e9a770024c034f712798') in 0.005575 seconds 
========================================================================
Received Import Request.
  Time since last request: 0.781778 seconds.
  path: Assets/AllSkyFree/Cartoon Base NightSky/Cartoon Base NightSky_Cam_0_Front+Z.png
  artifactKey: Guid(5cd44424375bd4ad69191a50c41ec04d) Importer(815301076,1909f56bfc062723c751e8b465ee728b)
Start importing Assets/AllSkyFree/Cartoon Base NightSky/Cartoon Base NightSky_Cam_0_Front+Z.png using Guid(5cd44424375bd4ad69191a50c41ec04d) Importer(815301076,1909f56bfc062723c751e8b465ee728b)  -> (artifact id: '6df29700ec6aa14763f37e32739065d8') in 0.108877 seconds 
========================================================================
Received Import Request.
  Time since last request: 0.113279 seconds.
  path: Assets/AllSkyFree/Cartoon Base NightSky/Cartoon Base NightSky Equirect.png
  artifactKey: Guid(7659947706e294d97a22faa1d4011724) Importer(815301076,1909f56bfc062723c751e8b465ee728b)
Start importing Assets/AllSkyFree/Cartoon Base NightSky/Cartoon Base NightSky Equirect.png using Guid(7659947706e294d97a22faa1d4011724) Importer(815301076,1909f56bfc062723c751e8b465ee728b)  -> (artifact id: 'cd084e9fb4fa3d1aa71ef3d7675cb96c') in 0.264127 seconds 
========================================================================
Received Import Request.
  Time since last request: 0.745984 seconds.
  path: Assets/AllSkyFree/AllSkyDemoEnvironment
  artifactKey: Guid(baf6d48a8e73a44459aae609e441a271) Importer(815301076,1909f56bfc062723c751e8b465ee728b)
Start importing Assets/AllSkyFree/AllSkyDemoEnvironment using Guid(baf6d48a8e73a44459aae609e441a271) Importer(815301076,1909f56bfc062723c751e8b465ee728b)  -> (artifact id: 'f88cdeff670635177ea2f334711ff6f0') in 0.086167 seconds 
========================================================================
Received Import Request.
  Time since last request: 1.056260 seconds.
  path: Assets/AllSkyFree/Cartoon Base BlueSky
  artifactKey: Guid(9f633969e0c5e4bfeba8bb43b5348d81) Importer(815301076,1909f56bfc062723c751e8b465ee728b)
Start importing Assets/AllSkyFree/Cartoon Base BlueSky using Guid(9f633969e0c5e4bfeba8bb43b5348d81) Importer(815301076,1909f56bfc062723c751e8b465ee728b)  -> (artifact id: '2d8622e90c1d368168104227c0360f53') in 0.004970 seconds 
========================================================================
Received Import Request.
  Time since last request: 2.412894 seconds.
  path: Assets/AllSkyFree/Cartoon Base BlueSky/Sky_Day_BlueSky_Nothing_Cam_0_Front+Z.png
  artifactKey: Guid(d731d71c2b8e94c18b5ef8be277e6773) Importer(815301076,1909f56bfc062723c751e8b465ee728b)
Start importing Assets/AllSkyFree/Cartoon Base BlueSky/Sky_Day_BlueSky_Nothing_Cam_0_Front+Z.png using Guid(d731d71c2b8e94c18b5ef8be277e6773) Importer(815301076,1909f56bfc062723c751e8b465ee728b)  -> (artifact id: '659715122860f91ce3875f5c9cb74eef') in 0.009462 seconds 
========================================================================
Received Import Request.
  Time since last request: 0.793306 seconds.
  path: Assets/AllSkyFree/Cartoon Base BlueSky/Sky_Day_BlueSky_Equirect.png
  artifactKey: Guid(d4c8dc343ae5d4673b7720ffdb1ddf00) Importer(815301076,1909f56bfc062723c751e8b465ee728b)
Start importing Assets/AllSkyFree/Cartoon Base BlueSky/Sky_Day_BlueSky_Equirect.png using Guid(d4c8dc343ae5d4673b7720ffdb1ddf00) Importer(815301076,1909f56bfc062723c751e8b465ee728b)  -> (artifact id: 'bb4481db8084b23196a80fb4eee5c883') in 0.090835 seconds 
========================================================================
Received Import Request.
  Time since last request: 0.036668 seconds.
  path: Assets/AllSkyFree/Cartoon Base BlueSky/Day_BlueSky_Nothing.unity
  artifactKey: Guid(c227f157df13b418c8ebb9e0b483e121) Importer(815301076,1909f56bfc062723c751e8b465ee728b)
Start importing Assets/AllSkyFree/Cartoon Base BlueSky/Day_BlueSky_Nothing.unity using Guid(c227f157df13b418c8ebb9e0b483e121) Importer(815301076,1909f56bfc062723c751e8b465ee728b)  -> (artifact id: '98b15d5b63d9ff4cdcf4636774bee65c') in 0.004949 seconds 
========================================================================
Received Import Request.
  Time since last request: 8.206989 seconds.
  path: Assets/AllSkyFree/Epic_BlueSunset
  artifactKey: Guid(6eb09a1750d2d4f609c0e79b804a9f3e) Importer(815301076,1909f56bfc062723c751e8b465ee728b)
Start importing Assets/AllSkyFree/Epic_BlueSunset using Guid(6eb09a1750d2d4f609c0e79b804a9f3e) Importer(815301076,1909f56bfc062723c751e8b465ee728b)  -> (artifact id: 'bb11a495e9e5042832b0d53756fc739c') in 0.017205 seconds 
========================================================================
Received Import Request.
  Time since last request: 278.501481 seconds.
  path: Assets/_SAO/Scenes/Startup.unity
  artifactKey: Guid(9cb46f535352ac14aa429ac754073201) Importer(815301076,1909f56bfc062723c751e8b465ee728b)
Start importing Assets/_SAO/Scenes/Startup.unity using Guid(9cb46f535352ac14aa429ac754073201) Importer(815301076,1909f56bfc062723c751e8b465ee728b)  -> (artifact id: '51a9e637b42c41cffbf0560456bba43b') in 0.005183 seconds 
========================================================================
Received Prepare
Registering precompiled user dll's ...
Registered in 0.010157 seconds.
Begin MonoManager ReloadAssembly
YAML error in 'Assets/Visual Design Cafe/Plugins/com.VisualDesignCafe.NatureRenderer/VisualDesignCafe.Threading.dll.meta' - Unexpected empty content or blank line when reading mapping.
YAML error in 'Assets/Visual Design Cafe/Plugins/com.VisualDesignCafe.NatureRenderer/VisualDesignCafe.Rendering.Nature.dll.meta' - Unexpected empty content or blank line when reading mapping.
YAML error in 'Assets/Visual Design Cafe/Plugins/com.VisualDesignCafe.NatureRenderer/VisualDesignCafe.Memory.dll.meta' - Unexpected empty content or blank line when reading mapping.
YAML error in 'Assets/Visual Design Cafe/Plugins/com.VisualDesignCafe.NatureRenderer/VisualDesignCafe.Pooling.dll.meta' - Unexpected empty content or blank line when reading mapping.
YAML error in 'Assets/Visual Design Cafe/Plugins/com.VisualDesignCafe.NatureRenderer/VisualDesignCafe.Rendering.dll.meta' - Unexpected empty content or blank line when reading mapping.
Symbol file data-00000235C0EE8820 doesn't match image D:\Documenten\Git\Personal\Unity\SAO_VR\Assets\Visual Design Cafe\Plugins\com.VisualDesignCafe.NatureRenderer\VisualDesignCafe.Rendering.Nature.Editor.dll
Symbol file LoadedFromMemory is not a mono symbol file
Native extension for WindowsStandalone target not found
Refreshing native plugins compatible for Editor in 0.94 ms, found 5 plugins.
Preloading 0 native plugins for Editor in 0.00 ms.
Mono: successfully reloaded assembly
- Completed reload, in  1.808 seconds
Domain Reload Profiling:
	ReloadAssembly (1808ms)
		BeginReloadAssembly (131ms)
			ExecutionOrderSort (0ms)
			DisableScriptedObjects (8ms)
			BackupInstance (0ms)
			ReleaseScriptingObjects (0ms)
			CreateAndSetChildDomain (38ms)
		EndReloadAssembly (1610ms)
			LoadAssemblies (87ms)
			RebuildTransferFunctionScriptingTraits (0ms)
			SetupTypeCache (171ms)
			ReleaseScriptCaches (2ms)
			RebuildScriptCaches (40ms)
			SetupLoadedEditorAssemblies (448ms)
				LogAssemblyErrors (0ms)
				InitializePlatformSupportModulesInManaged (8ms)
				SetLoadedEditorAssemblies (0ms)
				RefreshPlugins (1ms)
				BeforeProcessingInitializeOnLoad (59ms)
				ProcessInitializeOnLoadAttributes (303ms)
				ProcessInitializeOnLoadMethodAttributes (74ms)
				AfterProcessingInitializeOnLoad (3ms)
				EditorAssembliesLoaded (0ms)
			ExecutionOrderSort2 (0ms)
			AwakeInstancesAfterBackupRestoration (11ms)
Platform modules already initialized, skipping
Refreshing native plugins compatible for Editor in 2.57 ms, found 5 plugins.
Preloading 0 native plugins for Editor in 0.00 ms.
Unloading 3801 Unused Serialized files (Serialized files now loaded: 0)
Unloading 40 unused Assets / (0.5 MB). Loaded Objects now: 4511.
Memory consumption went from 196.7 MB to 196.1 MB.
Total: 3.684500 ms (FindLiveObjects: 0.925500 ms CreateObjectMapping: 0.180100 ms MarkObjects: 2.482900 ms  DeleteObjects: 0.094500 ms)

AssetImportParameters requested are different than current active one (requested -> active):
  custom:video-decoder-ogg-theora: a1e56fd34408186e4bbccfd4996cb3dc -> 
  custom:container-muxer-webm: aa71ff27fc2769a1b78a27578f13a17b -> 
  custom:container-demuxer-webm: 4f35f7cbe854078d1ac9338744f61a02 -> 
  custom:video-encoder-webm-vp8: eb34c28f22e8b96e1ab97ce403110664 -> 
  custom:audio-encoder-webm-vorbis: bf7c407c2cedff20999df2af8eb42d56 -> 
  custom:framework-win-MediaFoundation: 216162199b28c13a410421893ffa2e32 -> 
  custom:container-demuxer-ogg: 62fdf1f143b41e24485cea50d1cbac27 -> 
  custom:video-decoder-webm-vp8: 9c59270c3fd7afecdb556c50c9e8de78 -> 
  custom:audio-decoder-ogg-vorbis: bf7c407c2cedff20999df2af8eb42d56 -> 
========================================================================
Received Import Request.
  Time since last request: 1317.617184 seconds.
  path: Assets/_SAO/Scenes
  artifactKey: Guid(1f71bd267c6892d48af2f5f4766ceacc) Importer(815301076,1909f56bfc062723c751e8b465ee728b)
Start importing Assets/_SAO/Scenes using Guid(1f71bd267c6892d48af2f5f4766ceacc) Importer(815301076,1909f56bfc062723c751e8b465ee728b)  -> (artifact id: '8b903812f59a3522e445e1f4aa1a0638') in 0.215400 seconds 
========================================================================
Received Import Request.
  Time since last request: 11.367122 seconds.
  path: Assets/_SAO/Scenes/Bedroom.unity
  artifactKey: Guid(dc332600d36ad834685dad9feb704011) Importer(815301076,1909f56bfc062723c751e8b465ee728b)
Start importing Assets/_SAO/Scenes/Bedroom.unity using Guid(dc332600d36ad834685dad9feb704011) Importer(815301076,1909f56bfc062723c751e8b465ee728b)  -> (artifact id: 'ffcfcff858140bd7588a36670aee2168') in 0.004757 seconds 
========================================================================
Received Import Request.
  Time since last request: 12.071759 seconds.
  path: Assets/_SAO/Scenes/Testing
  artifactKey: Guid(a2f0ca6433ecc8341a488eddfdecc5cb) Importer(815301076,1909f56bfc062723c751e8b465ee728b)
Start importing Assets/_SAO/Scenes/Testing using Guid(a2f0ca6433ecc8341a488eddfdecc5cb) Importer(815301076,1909f56bfc062723c751e8b465ee728b)  -> (artifact id: '5c5de9fcfc6b091dbb7562cfdeef7c28') in 0.004836 seconds 
========================================================================
Received Import Request.
  Time since last request: 3.460600 seconds.
  path: Assets/_SAO/Scenes/Preboot.unity
  artifactKey: Guid(61962177ab94d1d4ba2cf11ad34aeb39) Importer(815301076,1909f56bfc062723c751e8b465ee728b)
Start importing Assets/_SAO/Scenes/Preboot.unity using Guid(61962177ab94d1d4ba2cf11ad34aeb39) Importer(815301076,1909f56bfc062723c751e8b465ee728b)  -> (artifact id: '595e5ff14886468953180062462d6dd9') in 0.010335 seconds 
========================================================================
Received Import Request.
  Time since last request: 8.205146 seconds.
  path: Assets/_SAO/Scenes/Interface.unity
  artifactKey: Guid(44ed56a862071ea4f8424b0b4ba923ff) Importer(815301076,1909f56bfc062723c751e8b465ee728b)
Start importing Assets/_SAO/Scenes/Interface.unity using Guid(44ed56a862071ea4f8424b0b4ba923ff) Importer(815301076,1909f56bfc062723c751e8b465ee728b)  -> (artifact id: 'de105a5581a22e81aeba12700cf6d9bd') in 0.001438 seconds 
